0 info it worked if it ends with ok
1 verbose cli [ 'node', '/usr/local/bin/npm', 'install', '-g', 'browserify' ]
2 info using npm@1.4.28
3 info using node@v0.10.33
4 verbose cache add [ 'browserify', null ]
5 verbose cache add name=undefined spec="browserify" args=["browserify",null]
6 verbose parsed url { protocol: null,
6 verbose parsed url   slashes: null,
6 verbose parsed url   auth: null,
6 verbose parsed url   host: null,
6 verbose parsed url   port: null,
6 verbose parsed url   hostname: null,
6 verbose parsed url   hash: null,
6 verbose parsed url   search: null,
6 verbose parsed url   query: null,
6 verbose parsed url   pathname: 'browserify',
6 verbose parsed url   path: 'browserify',
6 verbose parsed url   href: 'browserify' }
7 silly lockFile 84c1c54e-browserify browserify
8 verbose lock browserify /Users/edwardweng/.npm/84c1c54e-browserify.lock
9 silly lockFile 84c1c54e-browserify browserify
10 silly lockFile 84c1c54e-browserify browserify
11 verbose addNamed [ 'browserify', '' ]
12 verbose addNamed [ null, '*' ]
13 silly lockFile 80140245-browserify browserify@
14 verbose lock browserify@ /Users/edwardweng/.npm/80140245-browserify.lock
15 silly addNameRange { name: 'browserify', range: '*', hasData: false }
16 verbose request where is /browserify
17 verbose request registry https://registry.npmjs.org/
18 verbose request id 202082efcdaed5fa
19 verbose url raw /browserify
20 verbose url resolving [ 'https://registry.npmjs.org/', './browserify' ]
21 verbose url resolved https://registry.npmjs.org/browserify
22 verbose request where is https://registry.npmjs.org/browserify
23 info trying registry request attempt 1 at 08:44:16
24 verbose etag "CZCKQ08ONCEVB8ZPNWL7PJ31J"
25 http GET https://registry.npmjs.org/browserify
26 http 200 https://registry.npmjs.org/browserify
27 silly registry.get cb [ 200,
27 silly registry.get   { date: 'Sat, 04 Apr 2015 12:44:17 GMT',
27 silly registry.get     server: 'CouchDB/1.5.0 (Erlang OTP/R16B03)',
27 silly registry.get     etag: '"9XXP5S314IGY3O296RGMNOIOG"',
27 silly registry.get     'content-type': 'application/json',
27 silly registry.get     'cache-control': 'max-age=60',
27 silly registry.get     'content-length': '793736',
27 silly registry.get     'accept-ranges': 'bytes',
27 silly registry.get     via: '1.1 varnish',
27 silly registry.get     age: '0',
27 silly registry.get     'x-served-by': 'cache-atl6224-ATL',
27 silly registry.get     'x-cache': 'HIT',
27 silly registry.get     'x-cache-hits': '1',
27 silly registry.get     'x-timer': 'S1428151457.465262,VS0,VE34',
27 silly registry.get     vary: 'Accept',
27 silly registry.get     'keep-alive': 'timeout=10, max=50',
27 silly registry.get     connection: 'Keep-Alive' } ]
28 silly addNameRange number 2 { name: 'browserify', range: '*', hasData: true }
29 silly addNameRange versions [ 'browserify',
29 silly addNameRange   [ '0.0.1',
29 silly addNameRange     '0.0.2',
29 silly addNameRange     '0.0.3',
29 silly addNameRange     '0.0.4',
29 silly addNameRange     '0.0.5',
29 silly addNameRange     '0.1.0',
29 silly addNameRange     '0.1.1',
29 silly addNameRange     '0.1.2',
29 silly addNameRange     '0.1.3',
29 silly addNameRange     '0.1.4',
29 silly addNameRange     '0.1.5',
29 silly addNameRange     '0.2.0',
29 silly addNameRange     '0.2.1',
29 silly addNameRange     '0.2.2',
29 silly addNameRange     '0.2.3',
29 silly addNameRange     '0.2.4',
29 silly addNameRange     '0.2.5',
29 silly addNameRange     '0.2.6',
29 silly addNameRange     '0.2.7',
29 silly addNameRange     '0.2.8',
29 silly addNameRange     '0.2.9',
29 silly addNameRange     '0.2.10',
29 silly addNameRange     '0.2.11',
29 silly addNameRange     '0.3.0',
29 silly addNameRange     '0.3.1',
29 silly addNameRange     '0.3.2',
29 silly addNameRange     '0.3.3',
29 silly addNameRange     '0.3.4',
29 silly addNameRange     '0.3.5',
29 silly addNameRange     '0.3.6',
29 silly addNameRange     '0.3.7',
29 silly addNameRange     '0.4.0',
29 silly addNameRange     '0.4.1',
29 silly addNameRange     '0.4.2',
29 silly addNameRange     '0.4.3',
29 silly addNameRange     '0.4.4',
29 silly addNameRange     '0.4.5',
29 silly addNameRange     '0.4.6',
29 silly addNameRange     '0.4.7',
29 silly addNameRange     '0.4.8',
29 silly addNameRange     '0.4.9',
29 silly addNameRange     '0.4.10',
29 silly addNameRange     '0.4.11',
29 silly addNameRange     '0.4.12',
29 silly addNameRange     '0.4.13',
29 silly addNameRange     '0.4.14',
29 silly addNameRange     '0.4.15',
29 silly addNameRange     '0.5.0',
29 silly addNameRange     '0.5.1',
29 silly addNameRange     '0.5.2',
29 silly addNameRange     '1.0.0',
29 silly addNameRange     '1.1.0',
29 silly addNameRange     '1.1.1',
29 silly addNameRange     '1.1.2',
29 silly addNameRange     '1.1.3',
29 silly addNameRange     '1.1.4',
29 silly addNameRange     '1.2.0',
29 silly addNameRange     '1.2.1',
29 silly addNameRange     '1.2.2',
29 silly addNameRange     '1.2.3',
29 silly addNameRange     '1.2.4',
29 silly addNameRange     '1.2.5',
29 silly addNameRange     '1.2.6',
29 silly addNameRange     '1.2.7',
29 silly addNameRange     '1.2.8',
29 silly addNameRange     '1.2.9',
29 silly addNameRange     '1.3.0',
29 silly addNameRange     '1.4.0',
29 silly addNameRange     '1.4.1',
29 silly addNameRange     '1.4.2',
29 silly addNameRange     '1.4.3',
29 silly addNameRange     '1.4.4',
29 silly addNameRange     '1.4.5',
29 silly addNameRange     '1.4.6',
29 silly addNameRange     '1.4.7',
29 silly addNameRange     '1.4.8',
29 silly addNameRange     '1.5.0',
29 silly addNameRange     '1.6.0',
29 silly addNameRange     '1.6.1',
29 silly addNameRange     '1.7.0',
29 silly addNameRange     '1.7.1',
29 silly addNameRange     '1.7.2',
29 silly addNameRange     '1.7.3',
29 silly addNameRange     '1.7.4',
29 silly addNameRange     '1.7.5',
29 silly addNameRange     '1.7.6',
29 silly addNameRange     '1.7.7',
29 silly addNameRange     '1.8.0',
29 silly addNameRange     '1.8.1',
29 silly addNameRange     '1.8.2',
29 silly addNameRange     '1.8.3',
29 silly addNameRange     '1.9.0',
29 silly addNameRange     '1.9.1',
29 silly addNameRange     '1.9.2',
29 silly addNameRange     '1.9.3',
29 silly addNameRange     '1.9.4',
29 silly addNameRange     '1.10.0',
29 silly addNameRange     '1.10.1',
29 silly addNameRange     '1.10.2',
29 silly addNameRange     '1.10.3',
29 silly addNameRange     '1.10.4',
29 silly addNameRange     '1.10.5',
29 silly addNameRange     '1.10.6',
29 silly addNameRange     '1.10.7',
29 silly addNameRange     '1.10.8',
29 silly addNameRange     '1.10.9',
29 silly addNameRange     '1.10.11',
29 silly addNameRange     '1.10.12',
29 silly addNameRange     '1.10.13',
29 silly addNameRange     '1.10.14',
29 silly addNameRange     '1.10.15',
29 silly addNameRange     '1.10.16',
29 silly addNameRange     '1.10.17',
29 silly addNameRange     '1.11.0',
29 silly addNameRange     '1.11.1',
29 silly addNameRange     '1.12.0',
29 silly addNameRange     '1.12.1',
29 silly addNameRange     '1.12.2',
29 silly addNameRange     '1.12.3',
29 silly addNameRange     '1.13.0',
29 silly addNameRange     '1.13.1',
29 silly addNameRange     '1.13.2',
29 silly addNameRange     '1.13.3',
29 silly addNameRange     '1.13.4',
29 silly addNameRange     '1.13.5',
29 silly addNameRange     '1.13.6',
29 silly addNameRange     '1.13.8',
29 silly addNameRange     '1.13.9',
29 silly addNameRange     '1.13.10',
29 silly addNameRange     '1.14.0',
29 silly addNameRange     '1.14.1',
29 silly addNameRange     '1.14.2',
29 silly addNameRange     '1.14.3',
29 silly addNameRange     '1.14.4',
29 silly addNameRange     '1.14.5',
29 silly addNameRange     '1.15.0',
29 silly addNameRange     '1.15.1',
29 silly addNameRange     '1.15.2',
29 silly addNameRange     '1.15.3',
29 silly addNameRange     '1.15.4',
29 silly addNameRange     '1.15.5',
29 silly addNameRange     '1.15.6',
29 silly addNameRange     '1.16.0',
29 silly addNameRange     '1.16.1',
29 silly addNameRange     '1.16.2',
29 silly addNameRange     '1.16.3',
29 silly addNameRange     '1.16.4',
29 silly addNameRange     '1.16.5',
29 silly addNameRange     '1.16.6',
29 silly addNameRange     '1.16.7',
29 silly addNameRange     '1.16.8',
29 silly addNameRange     '1.17.0',
29 silly addNameRange     '1.17.1',
29 silly addNameRange     '1.17.2',
29 silly addNameRange     '1.17.3',
29 silly addNameRange     '1.18.0',
29 silly addNameRange     '2.0.0',
29 silly addNameRange     '2.0.1',
29 silly addNameRange     '2.1.0',
29 silly addNameRange     '2.2.0',
29 silly addNameRange     '2.2.1',
29 silly addNameRange     '2.2.2',
29 silly addNameRange     '2.2.3',
29 silly addNameRange     '2.2.4',
29 silly addNameRange     '2.2.5',
29 silly addNameRange     '2.2.6',
29 silly addNameRange     '2.3.0',
29 silly addNameRange     '2.3.1',
29 silly addNameRange     '2.4.0',
29 silly addNameRange     '2.4.1',
29 silly addNameRange     '2.4.2',
29 silly addNameRange     '2.4.3',
29 silly addNameRange     '2.5.0',
29 silly addNameRange     '2.5.1',
29 silly addNameRange     '2.6.0',
29 silly addNameRange     '2.6.1',
29 silly addNameRange     '2.7.0',
29 silly addNameRange     '2.7.1',
29 silly addNameRange     '2.7.2',
29 silly addNameRange     '2.7.3',
29 silly addNameRange     '2.7.4',
29 silly addNameRange     '2.8.0',
29 silly addNameRange     '2.8.1',
29 silly addNameRange     '2.9.0',
29 silly addNameRange     '2.10.0',
29 silly addNameRange     '2.10.1',
29 silly addNameRange     '2.10.2',
29 silly addNameRange     '2.11.0',
29 silly addNameRange     '2.12.0',
29 silly addNameRange     '2.12.1',
29 silly addNameRange     '2.12.2',
29 silly addNameRange     '2.12.3',
29 silly addNameRange     '2.12.4',
29 silly addNameRange     '2.12.5',
29 silly addNameRange     '2.13.0',
29 silly addNameRange     '2.13.1',
29 silly addNameRange     '2.13.2',
29 silly addNameRange     '2.13.3',
29 silly addNameRange     '2.14.0',
29 silly addNameRange     '2.14.1',
29 silly addNameRange     '2.14.2',
29 silly addNameRange     '2.15.0',
29 silly addNameRange     '2.16.0',
29 silly addNameRange     '2.17.0',
29 silly addNameRange     '2.17.1',
29 silly addNameRange     '2.17.2',
29 silly addNameRange     '2.17.3',
29 silly addNameRange     '2.17.4',
29 silly addNameRange     '2.18.0',
29 silly addNameRange     '2.18.1',
29 silly addNameRange     '2.19.0',
29 silly addNameRange     '2.20.0',
29 silly addNameRange     '2.20.1',
29 silly addNameRange     '2.20.2',
29 silly addNameRange     '2.21.0',
29 silly addNameRange     '2.22.0',
29 silly addNameRange     '2.23.0',
29 silly addNameRange     '2.23.1',
29 silly addNameRange     '2.24.0',
29 silly addNameRange     '2.24.1',
29 silly addNameRange     '2.24.2',
29 silly addNameRange     '2.24.3',
29 silly addNameRange     '2.25.0',
29 silly addNameRange     '2.25.1',
29 silly addNameRange     '2.26.0',
29 silly addNameRange     '2.27.0',
29 silly addNameRange     '2.27.1',
29 silly addNameRange     '2.28.0',
29 silly addNameRange     '2.29.0',
29 silly addNameRange     '2.29.1',
29 silly addNameRange     '2.30.0',
29 silly addNameRange     '2.31.0',
29 silly addNameRange     '2.32.0',
29 silly addNameRange     '2.32.1',
29 silly addNameRange     '2.32.2',
29 silly addNameRange     '2.32.3',
29 silly addNameRange     '2.32.4',
29 silly addNameRange     '2.33.0',
29 silly addNameRange     '2.33.1',
29 silly addNameRange     '2.34.0',
29 silly addNameRange     '2.34.1',
29 silly addNameRange     '2.34.2',
29 silly addNameRange     '2.34.3',
29 silly addNameRange     '2.35.0',
29 silly addNameRange     '2.35.1',
29 silly addNameRange     '2.35.2',
29 silly addNameRange     '2.35.3',
29 silly addNameRange     '2.35.4',
29 silly addNameRange     '2.36.0',
29 silly addNameRange     '2.36.1',
29 silly addNameRange     '3.0.0',
29 silly addNameRange     '3.1.0',
29 silly addNameRange     '3.1.1',
29 silly addNameRange     '3.1.2',
29 silly addNameRange     '3.1.3',
29 silly addNameRange     '3.2.0',
29 silly addNameRange     '3.2.1',
29 silly addNameRange     '3.2.2',
29 silly addNameRange     '3.3.0',
29 silly addNameRange     '3.4.0',
29 silly addNameRange     '3.4.1',
29 silly addNameRange     '3.5.0',
29 silly addNameRange     '3.6.0',
29 silly addNameRange     '3.7.0',
29 silly addNameRange     '3.8.0',
29 silly addNameRange     '3.8.1',
29 silly addNameRange     '3.9.0',
29 silly addNameRange     '3.9.1',
29 silly addNameRange     '3.10.0',
29 silly addNameRange     '3.11.0',
29 silly addNameRange     '3.11.1',
29 silly addNameRange     '3.12.0',
29 silly addNameRange     '3.13.0',
29 silly addNameRange     '3.14.0',
29 silly addNameRange     '3.14.1',
29 silly addNameRange     '3.16.0',
29 silly addNameRange     '3.16.1',
29 silly addNameRange     '3.17.0',
29 silly addNameRange     '3.18.0',
29 silly addNameRange     '3.19.0',
29 silly addNameRange     '3.19.1',
29 silly addNameRange     '3.20.0',
29 silly addNameRange     '3.20.1',
29 silly addNameRange     '3.20.2',
29 silly addNameRange     '3.21.0',
29 silly addNameRange     '3.21.1',
29 silly addNameRange     '3.22.0',
29 silly addNameRange     '3.22.1',
29 silly addNameRange     '3.23.0',
29 silly addNameRange     '3.23.1',
29 silly addNameRange     '3.24.0',
29 silly addNameRange     '3.24.1',
29 silly addNameRange     '3.24.2',
29 silly addNameRange     '3.24.3',
29 silly addNameRange     '3.24.4',
29 silly addNameRange     '3.24.5',
29 silly addNameRange     '3.24.6',
29 silly addNameRange     '3.24.7',
29 silly addNameRange     '3.24.8',
29 silly addNameRange     '3.24.9',
29 silly addNameRange     '3.24.10',
29 silly addNameRange     '3.24.11',
29 silly addNameRange     '3.24.13',
29 silly addNameRange     '3.25.0',
29 silly addNameRange     '3.25.1',
29 silly addNameRange     '3.25.2',
29 silly addNameRange     '3.26.0',
29 silly addNameRange     '3.27.0',
29 silly addNameRange     '3.27.1',
29 silly addNameRange     '3.28.0',
29 silly addNameRange     '3.28.1',
29 silly addNameRange     '3.28.2',
29 silly addNameRange     '3.29.0',
29 silly addNameRange     '3.29.1',
29 silly addNameRange     '3.30.0',
29 silly addNameRange     '3.30.1',
29 silly addNameRange     '3.30.2',
29 silly addNameRange     '3.30.3',
29 silly addNameRange     '3.30.4',
29 silly addNameRange     '3.31.0',
29 silly addNameRange     '3.31.1',
29 silly addNameRange     '3.31.2',
29 silly addNameRange     '3.32.0',
29 silly addNameRange     '3.32.1',
29 silly addNameRange     '3.33.0',
29 silly addNameRange     '3.33.1',
29 silly addNameRange     '3.34.0',
29 silly addNameRange     '3.35.0',
29 silly addNameRange     '3.36.0',
29 silly addNameRange     '3.36.1',
29 silly addNameRange     '3.37.0',
29 silly addNameRange     '3.37.1',
29 silly addNameRange     '3.37.2',
29 silly addNameRange     '3.38.0',
29 silly addNameRange     '3.38.1',
29 silly addNameRange     '3.39.0',
29 silly addNameRange     '3.40.0',
29 silly addNameRange     '3.40.1',
29 silly addNameRange     '3.40.2',
29 silly addNameRange     '3.40.3',
29 silly addNameRange     '3.40.4',
29 silly addNameRange     '3.41.0',
29 silly addNameRange     '3.42.0',
29 silly addNameRange     '3.43.0',
29 silly addNameRange     '3.44.0',
29 silly addNameRange     '3.44.1',
29 silly addNameRange     '3.44.2',
29 silly addNameRange     '3.45.0',
29 silly addNameRange     '3.46.0',
29 silly addNameRange     '3.46.1',
29 silly addNameRange     '4.0.0',
29 silly addNameRange     '4.1.0',
29 silly addNameRange     '4.1.1',
29 silly addNameRange     '4.1.2',
29 silly addNameRange     '4.1.3',
29 silly addNameRange     '4.1.4',
29 silly addNameRange     '4.1.5',
29 silly addNameRange     '4.1.6',
29 silly addNameRange     '4.1.7',
29 silly addNameRange     '4.1.8',
29 silly addNameRange     '4.1.9',
29 silly addNameRange     '4.1.10',
29 silly addNameRange     '4.1.11',
29 silly addNameRange     '4.2.0',
29 silly addNameRange     '4.2.1',
29 silly addNameRange     '4.2.2',
29 silly addNameRange     '4.2.3',
29 silly addNameRange     '5.0.0',
29 silly addNameRange     '5.0.1',
29 silly addNameRange     '5.0.2',
29 silly addNameRange     '5.0.3',
29 silly addNameRange     '5.0.4',
29 silly addNameRange     '5.0.5',
29 silly addNameRange     '5.0.6',
29 silly addNameRange     '5.0.7',
29 silly addNameRange     '5.0.8',
29 silly addNameRange     '5.1.0',
29 silly addNameRange     '5.1.1',
29 silly addNameRange     '5.2.0',
29 silly addNameRange     '5.2.1',
29 silly addNameRange     '5.3.0',
29 silly addNameRange     '5.4.0',
29 silly addNameRange     '5.4.1',
29 silly addNameRange     '5.4.2',
29 silly addNameRange     '5.5.0',
29 silly addNameRange     '5.6.0',
29 silly addNameRange     '5.6.1',
29 silly addNameRange     '5.7.0',
29 silly addNameRange     '5.8.0',
29 silly addNameRange     '5.9.0',
29 silly addNameRange     '5.9.1',
29 silly addNameRange     '5.9.2',
29 silly addNameRange     '5.9.3',
29 silly addNameRange     '5.10.0',
29 silly addNameRange     '5.10.1',
29 silly addNameRange     '5.11.0',
29 silly addNameRange     '5.11.1',
29 silly addNameRange     '5.11.2',
29 silly addNameRange     '5.12.0',
29 silly addNameRange     '5.12.1',
29 silly addNameRange     '5.12.2',
29 silly addNameRange     '5.13.0',
29 silly addNameRange     '5.13.1',
29 silly addNameRange     '6.0.0',
29 silly addNameRange     '6.0.1',
29 silly addNameRange     '6.0.2',
29 silly addNameRange     '6.0.3',
29 silly addNameRange     '6.1.0',
29 silly addNameRange     '6.1.1',
29 silly addNameRange     '6.1.2',
29 silly addNameRange     '6.2.0',
29 silly addNameRange     '6.3.0',
29 silly addNameRange     '6.3.1',
29 silly addNameRange     '6.3.2',
29 silly addNameRange     '6.3.3',
29 silly addNameRange     '6.3.4',
29 silly addNameRange     '7.0.0',
29 silly addNameRange     '7.0.1',
29 silly addNameRange     '7.0.2',
29 silly addNameRange     '7.0.3',
29 silly addNameRange     '7.1.0',
29 silly addNameRange     '8.0.0',
29 silly addNameRange     '8.0.1',
29 silly addNameRange     '8.0.2',
29 silly addNameRange     '8.0.3',
29 silly addNameRange     '8.1.0',
29 silly addNameRange     '8.1.1',
29 silly addNameRange     '8.1.2',
29 silly addNameRange     '8.1.3',
29 silly addNameRange     '9.0.0',
29 silly addNameRange     '9.0.1',
29 silly addNameRange     '9.0.2',
29 silly addNameRange     '9.0.3',
29 silly addNameRange     '9.0.4',
29 silly addNameRange     '9.0.5',
29 silly addNameRange     '9.0.6',
29 silly addNameRange     '9.0.7' ] ]
30 verbose addNamed [ 'browserify', '9.0.7' ]
31 verbose addNamed [ '9.0.7', '9.0.7' ]
32 silly lockFile 27e628a7-browserify-9-0-7 browserify@9.0.7
33 verbose lock browserify@9.0.7 /Users/edwardweng/.npm/27e628a7-browserify-9-0-7.lock
34 silly lockFile 2776c888--browserify-browserify-9-0-7-tgz https://registry.npmjs.org/browserify/-/browserify-9.0.7.tgz
35 verbose lock https://registry.npmjs.org/browserify/-/browserify-9.0.7.tgz /Users/edwardweng/.npm/2776c888--browserify-browserify-9-0-7-tgz.lock
36 verbose addRemoteTarball [ 'https://registry.npmjs.org/browserify/-/browserify-9.0.7.tgz',
36 verbose addRemoteTarball   '7891d3b313c2139f16b44ec5b29f1d66d52c6fd8' ]
37 info retry fetch attempt 1 at 08:44:18
38 verbose fetch to= /var/folders/y0/mpqgv0tj32dd59ktt367n6gh0000gn/T/npm-73094--_ALykiL/registry.npmjs.org/browserify/-/browserify-9.0.7.tgz
39 http GET https://registry.npmjs.org/browserify/-/browserify-9.0.7.tgz
40 http 200 https://registry.npmjs.org/browserify/-/browserify-9.0.7.tgz
41 silly lockFile 2776c888--browserify-browserify-9-0-7-tgz https://registry.npmjs.org/browserify/-/browserify-9.0.7.tgz
42 silly lockFile 2776c888--browserify-browserify-9-0-7-tgz https://registry.npmjs.org/browserify/-/browserify-9.0.7.tgz
43 silly lockFile 27e628a7-browserify-9-0-7 browserify@9.0.7
44 silly lockFile 27e628a7-browserify-9-0-7 browserify@9.0.7
45 silly lockFile 80140245-browserify browserify@
46 silly lockFile 80140245-browserify browserify@
47 error Error: EACCES, mkdir '/Users/edwardweng/.npm/browserify/9.0.7'
47 error  { [Error: EACCES, mkdir '/Users/edwardweng/.npm/browserify/9.0.7']
47 error   errno: 3,
47 error   code: 'EACCES',
47 error   path: '/Users/edwardweng/.npm/browserify/9.0.7' }
48 error Please try running this command again as root/Administrator.
49 error System Darwin 14.1.0
50 error command "node" "/usr/local/bin/npm" "install" "-g" "browserify"
51 error cwd /Users/edwardweng/Code/projects/weekender
52 error node -v v0.10.33
53 error npm -v 1.4.28
54 error path /Users/edwardweng/.npm/browserify/9.0.7
55 error code EACCES
56 error errno 3
57 error stack Error: EACCES, mkdir '/Users/edwardweng/.npm/browserify/9.0.7'
58 verbose exit [ 3, true ]
